<?xml version="1.0" encoding="UTF-8"?>
<!-- Generated by org.testng.reporters.JUnitReportReporter -->
<testsuite hostname="LTIN462292" failures="0" tests="2" name="GroupingParctice.PaymentTest" time="0.040" errors="0" timestamp="2025-06-14T18:50:41 IST" skipped="0">
  <testcase classname="GroupingParctice.PaymentTest" name="paymentInRuppes" time="0.036"/>
  <testcase classname="GroupingParctice.PaymentTest" name="paymentInDollars" time="0.004"/>
</testsuite> <!-- GroupingParctice.PaymentTest -->
