<?xml version="1.0" encoding="UTF-8"?>
<!-- Generated by org.testng.reporters.JUnitReportReporter -->
<testsuite hostname="LTIN462292" failures="0" tests="3" name="GroupingParctice.SignUpTest" time="0.008" errors="0" timestamp="2025-06-14T18:50:20 IST" skipped="0">
  <testcase classname="GroupingParctice.SignUpTest" name="signUpEmail" time="0.002"/>
  <testcase classname="GroupingParctice.SignUpTest" name="signUpSms" time="0.003"/>
  <testcase classname="GroupingParctice.SignUpTest" name="signUpFaceBook" time="0.003"/>
</testsuite> <!-- GroupingParctice.SignUpTest -->
