<?xml version="1.0" encoding="UTF-8"?>
<!-- Generated by org.testng.reporters.JUnitReportReporter -->
<testsuite hostname="LTIN462292" failures="0" tests="2" name="AnnotationPractice.Practice02" time="0.006" errors="0" timestamp="2025-06-14T14:44:10 IST" skipped="0">
  <testcase classname="AnnotationPractice.Practice02" name="testSearch" time="0.005"/>
  <testcase classname="AnnotationPractice.Practice02" name="testAdvanceSearch" time="0.001"/>
</testsuite> <!-- AnnotationPractice.Practice02 -->
