<?xml version="1.0" encoding="UTF-8"?>
<!-- Generated by org.testng.reporters.JUnitReportReporter -->
<testsuite hostname="LTIN462292" failures="0" tests="3" name="Practice01.Practice01Test" time="0.003" errors="0" timestamp="2025-06-14T14:12:51 IST" skipped="0">
  <testcase classname="Practice01.Practice01Test" name="openApp" time="0.001"/>
  <testcase classname="Practice01.Practice01Test" name="login" time="0.001"/>
  <testcase classname="Practice01.Practice01Test" name="logout" time="0.001"/>
</testsuite> <!-- Practice01.Practice01Test -->
