<?xml version="1.0" encoding="UTF-8"?>
<!-- Generated by org.testng.reporters.JUnitReportReporter -->
<testsuite hostname="LTIN462292" failures="0" tests="3" name="GroupingParctice.LoginTests" time="0.019" errors="0" timestamp="2025-06-14T18:50:20 IST" skipped="0">
  <testcase classname="GroupingParctice.LoginTests" name="loginByEmail" time="0.013"/>
  <testcase classname="GroupingParctice.LoginTests" name="loginBySms" time="0.003"/>
  <testcase classname="GroupingParctice.LoginTests" name="loginByFaceBook" time="0.003"/>
</testsuite> <!-- GroupingParctice.LoginTests -->
