<?xml version="1.0" encoding="UTF-8"?>
<!-- Generated by org.testng.reporters.JUnitReportReporter -->
<testsuite hostname="LTIN462292" failures="0" tests="6" name="Parameterization.ParallelTesting" time="6.169" errors="0" timestamp="2025-06-14T22:16:12 IST" skipped="0">
  <testcase classname="Parameterization.ParallelTesting" name="testLogo" time="3.047"/>
  <testcase classname="Parameterization.ParallelTesting" name="testLogo" time="3.039"/>
  <testcase classname="Parameterization.ParallelTesting" name="testTitle" time="0.038"/>
  <testcase classname="Parameterization.ParallelTesting" name="testTitle" time="0.025"/>
  <testcase classname="Parameterization.ParallelTesting" name="testURL" time="0.008"/>
  <testcase classname="Parameterization.ParallelTesting" name="testURL" time="0.012"/>
</testsuite> <!-- Parameterization.ParallelTesting -->
