<?xml version="1.0" encoding="UTF-8"?>
<!-- Generated by org.testng.reporters.JUnitReportReporter -->
<testsuite hostname="LTIN462292" failures="0" tests="2" name="AnnotationPractice.Practice01" time="0.014" errors="0" timestamp="2025-06-14T14:36:01 IST" skipped="0">
  <testcase classname="AnnotationPractice.Practice01" name="search" time="0.006"/>
  <testcase classname="AnnotationPractice.Practice01" name="advanceSearch" time="0.008"/>
</testsuite> <!-- AnnotationPractice.Practice01 -->
