<?xml version="1.0" encoding="UTF-8"?>
<!-- Generated by org.testng.reporters.JUnitReportReporter -->
<testsuite hostname="LTIN462292" failures="0" tests="4" name="Practice01.Practice02Test" time="13.651" errors="0" timestamp="2025-06-14T14:12:51 IST" skipped="0">
  <testcase classname="Practice01.Practice02Test" name="open" time="7.380"/>
  <testcase classname="Practice01.Practice02Test" name="checkLogo" time="3.049"/>
  <testcase classname="Practice01.Practice02Test" name="testLogin" time="0.916"/>
  <testcase classname="Practice01.Practice02Test" name="testClose" time="2.306"/>
</testsuite> <!-- Practice01.Practice02Test -->
