<?xml version="1.0" encoding="UTF-8"?>
<!-- Generated by org.testng.reporters.JUnitReportReporter -->
<testsuite hostname="LTIN462292" failures="0" tests="1" name="Assertions.Practice01" time="0.011" errors="0" timestamp="2025-06-14T16:09:46 IST" skipped="0">
  <testcase classname="Assertions.Practice01" name="testTitle" time="0.011"/>
</testsuite> <!-- Assertions.Practice01 -->
