<?xml version="1.0" encoding="UTF-8"?>
<!-- Generated by org.testng.reporters.JUnitReportReporter -->
<testsuite hostname="LTIN462292" failures="0" tests="2" name="Main.MainClass" time="3.646" errors="0" timestamp="2025-06-23T11:49:38 IST" skipped="0">
  <testcase classname="Main.MainClass" name="searchMobilePhone" time="2.864"/>
  <testcase classname="Main.MainClass" name="sortByNewestArrival" time="0.782"/>
</testsuite> <!-- Main.MainClass -->
