<?xml version="1.0" encoding="UTF-8"?>
<!-- Generated by org.testng.reporters.JUnitReportReporter -->
<testsuite hostname="LTIN462292" failures="0" tests="1" name="Main.LoginTest" time="0.734" errors="0" timestamp="2025-06-16T11:00:46 IST" skipped="0">
  <testcase classname="Main.LoginTest" name="testLogin" time="0.734"/>
</testsuite> <!-- Main.LoginTest -->
